<?xml version="1.0" encoding="UTF-8"?>
<!-- Generated by org.testng.reporters.JUnitReportReporter -->
<testsuite hostname="IXEDLAP00809" failures="0" tests="4" name="testcases.RegisterTest" time="31.024" errors="0" timestamp="2024-04-14T12:45:07 IST" skipped="0">
  <testcase classname="testcases.RegisterTest" name="verifyRegisteringAnAccountWithMandatoryFields" time="7.930"/>
  <system-out/>
  <testcase classname="testcases.RegisterTest" name="verifyRegisteringAccountByProvidingAllFields" time="8.378"/>
  <system-out/>
  <testcase classname="testcases.RegisterTest" name="verifyRegisteringAccountWithExistingEmailAddress" time="7.592"/>
  <system-out/>
  <testcase classname="testcases.RegisterTest" name="verifyRegisteringAccountWithoutFillingAnyDetails" time="7.124"/>
  <system-out/>
</testsuite> <!-- testcases.RegisterTest -->
