<?xml version="1.0" encoding="UTF-8"?>
<!-- Generated by org.testng.reporters.JUnitReportReporter -->
<testsuite hostname="IXEDLAP00809" failures="0" tests="4" name="testcases.RegisterTest" time="31.928" errors="0" timestamp="2024-04-14T12:09:07 IST" skipped="0">
  <testcase classname="testcases.RegisterTest" name="verifyRegisteringAnAccountWithMandatoryFields" time="7.784"/>
  <testcase classname="testcases.RegisterTest" name="verifyRegisteringAccountByProvidingAllFields" time="7.819"/>
  <testcase classname="testcases.RegisterTest" name="verifyRegisteringAccountWithExistingEmailAddress" time="7.867"/>
  <testcase classname="testcases.RegisterTest" name="verifyRegisteringAccountWithoutFillingAnyDetails" time="8.458"/>
</testsuite> <!-- testcases.RegisterTest -->
